  test.cpp
C:\Users\93983\source\repos\0216documentOperate\test.cpp(13,2): error C2065: “ifstream”: 未声明的标识符
C:\Users\93983\source\repos\0216documentOperate\test.cpp(13,11): error C2146: 语法错误: 缺少“;”(在标识符“ifs”的前面)
C:\Users\93983\source\repos\0216documentOperate\test.cpp(13,29): error C2653: “ios”: 不是类或命名空间名称
C:\Users\93983\source\repos\0216documentOperate\test.cpp(13,34): error C2065: “in”: 未声明的标识符
C:\Users\93983\source\repos\0216documentOperate\test.cpp(13,39): error C2653: “ios”: 不是类或命名空间名称
C:\Users\93983\source\repos\0216documentOperate\test.cpp(13,44): error C2065: “binary”: 未声明的标识符
C:\Users\93983\source\repos\0216documentOperate\test.cpp(13,11): error C3861: “ifs”: 找不到标识符
C:\Users\93983\source\repos\0216documentOperate\test.cpp(14,7): error C2065: “ifs”: 未声明的标识符
C:\Users\93983\source\repos\0216documentOperate\test.cpp(16,3): error C2065: “cout”: 未声明的标识符
C:\Users\93983\source\repos\0216documentOperate\test.cpp(16,35): error C2065: “endl”: 未声明的标识符
C:\Users\93983\source\repos\0216documentOperate\test.cpp(20,2): error C2065: “ifs”: 未声明的标识符
C:\Users\93983\source\repos\0216documentOperate\test.cpp(22,2): error C2065: “cout”: 未声明的标识符
C:\Users\93983\source\repos\0216documentOperate\test.cpp(22,66): error C2065: “endl”: 未声明的标识符
